<?xml version="1.0" encoding="UTF-8"?>
<!-- Generated by org.testng.reporters.JUnitReportReporter -->
<testsuite skipped="0" hostname="DESKTOP-O7R52HK" name="regressionscripts.ValidLogin" tests="2" failures="0" timestamp="2021-06-21T20:37:24 IST" time="336.381" errors="0">
  <testcase name="validlogin" time="175.363" classname="regressionscripts.ValidLogin"/>
  <system-out/>
  <testcase name="validlogin" time="161.018" classname="regressionscripts.ValidLogin"/>
  <system-out/>
</testsuite> <!-- regressionscripts.ValidLogin -->
